android/app/build/intermediates/manifest_merge_blame_file/release/manifest-merger-blame-release-report.txt
1<?xml version="1.0" encoding="utf-8"?>
2<manifest xmlns:android="http://schemas.android.com/apk/res/android"
3    package="com.mapilocator"
4    android:versionCode="69"
5    android:versionName="1.2.69" >
6
7    <uses-sdk
8        android:minSdkVersion="21"
8-->src/main/AndroidManifest.xml
9        android:targetSdkVersion="34" />
9-->src/main/AndroidManifest.xml
10
11    <queries>
11-->src/main/AndroidManifest.xml:3:5-100:15
12        <intent>
12-->src/main/AndroidManifest.xml:4:9-7:18
13            <action android:name="android.intent.action.VIEW" />
13-->src/main/AndroidManifest.xml:5:13-65
13-->src/main/AndroidManifest.xml:5:21-62
14
15            <data android:scheme="http" />
15-->src/main/AndroidManifest.xml:6:13-42
15-->src/main/AndroidManifest.xml:6:19-40
16        </intent>
17        <intent>
17-->src/main/AndroidManifest.xml:8:9-11:18
18            <action android:name="android.intent.action.VIEW" />
18-->src/main/AndroidManifest.xml:5:13-65
18-->src/main/AndroidManifest.xml:5:21-62
19
20            <data android:scheme="https" />
20-->src/main/AndroidManifest.xml:6:13-42
20-->src/main/AndroidManifest.xml:6:19-40
21        </intent>
22        <intent>
22-->src/main/AndroidManifest.xml:12:9-15:18
23            <action android:name="android.intent.action.VIEW" />
23-->src/main/AndroidManifest.xml:5:13-65
23-->src/main/AndroidManifest.xml:5:21-62
24
25            <data android:scheme="geo" />
25-->src/main/AndroidManifest.xml:6:13-42
25-->src/main/AndroidManifest.xml:6:19-40
26        </intent>
27        <intent>
27-->src/main/AndroidManifest.xml:16:9-19:18
28            <action android:name="android.intent.action.VIEW" />
28-->src/main/AndroidManifest.xml:5:13-65
28-->src/main/AndroidManifest.xml:5:21-62
29
30            <data android:scheme="google.navigation" />
30-->src/main/AndroidManifest.xml:6:13-42
30-->src/main/AndroidManifest.xml:6:19-40
31        </intent>
32        <intent>
32-->src/main/AndroidManifest.xml:20:9-23:18
33            <action android:name="android.intent.action.VIEW" />
33-->src/main/AndroidManifest.xml:5:13-65
33-->src/main/AndroidManifest.xml:5:21-62
34
35            <data android:scheme="applemaps" />
35-->src/main/AndroidManifest.xml:6:13-42
35-->src/main/AndroidManifest.xml:6:19-40
36        </intent>
37        <intent>
37-->src/main/AndroidManifest.xml:24:9-27:18
38            <action android:name="android.intent.action.VIEW" />
38-->src/main/AndroidManifest.xml:5:13-65
38-->src/main/AndroidManifest.xml:5:21-62
39
40            <data android:scheme="citymapper" />
40-->src/main/AndroidManifest.xml:6:13-42
40-->src/main/AndroidManifest.xml:6:19-40
41        </intent>
42        <intent>
42-->src/main/AndroidManifest.xml:28:9-31:18
43            <action android:name="android.intent.action.VIEW" />
43-->src/main/AndroidManifest.xml:5:13-65
43-->src/main/AndroidManifest.xml:5:21-62
44
45            <data android:scheme="uber" />
45-->src/main/AndroidManifest.xml:6:13-42
45-->src/main/AndroidManifest.xml:6:19-40
46        </intent>
47        <intent>
47-->src/main/AndroidManifest.xml:32:9-35:18
48            <action android:name="android.intent.action.VIEW" />
48-->src/main/AndroidManifest.xml:5:13-65
48-->src/main/AndroidManifest.xml:5:21-62
49
50            <data android:scheme="lyft" />
50-->src/main/AndroidManifest.xml:6:13-42
50-->src/main/AndroidManifest.xml:6:19-40
51        </intent>
52        <intent>
52-->src/main/AndroidManifest.xml:36:9-39:18
53            <action android:name="android.intent.action.VIEW" />
53-->src/main/AndroidManifest.xml:5:13-65
53-->src/main/AndroidManifest.xml:5:21-62
54
55            <data android:scheme="transit" />
55-->src/main/AndroidManifest.xml:6:13-42
55-->src/main/AndroidManifest.xml:6:19-40
56        </intent>
57        <intent>
57-->src/main/AndroidManifest.xml:40:9-43:18
58            <action android:name="android.intent.action.VIEW" />
58-->src/main/AndroidManifest.xml:5:13-65
58-->src/main/AndroidManifest.xml:5:21-62
59
60            <data android:scheme="truckmap" />
60-->src/main/AndroidManifest.xml:6:13-42
60-->src/main/AndroidManifest.xml:6:19-40
61        </intent>
62        <intent>
62-->src/main/AndroidManifest.xml:44:9-47:18
63            <action android:name="android.intent.action.VIEW" />
63-->src/main/AndroidManifest.xml:5:13-65
63-->src/main/AndroidManifest.xml:5:21-62
64
65            <data android:scheme="waze" />
65-->src/main/AndroidManifest.xml:6:13-42
65-->src/main/AndroidManifest.xml:6:19-40
66        </intent>
67        <intent>
67-->src/main/AndroidManifest.xml:48:9-51:18
68            <action android:name="android.intent.action.VIEW" />
68-->src/main/AndroidManifest.xml:5:13-65
68-->src/main/AndroidManifest.xml:5:21-62
69
70            <data android:scheme="yandexnavi" />
70-->src/main/AndroidManifest.xml:6:13-42
70-->src/main/AndroidManifest.xml:6:19-40
71        </intent>
72        <intent>
72-->src/main/AndroidManifest.xml:52:9-55:18
73            <action android:name="android.intent.action.VIEW" />
73-->src/main/AndroidManifest.xml:5:13-65
73-->src/main/AndroidManifest.xml:5:21-62
74
75            <data android:scheme="moovit" />
75-->src/main/AndroidManifest.xml:6:13-42
75-->src/main/AndroidManifest.xml:6:19-40
76        </intent>
77        <intent>
77-->src/main/AndroidManifest.xml:56:9-59:18
78            <action android:name="android.intent.action.VIEW" />
78-->src/main/AndroidManifest.xml:5:13-65
78-->src/main/AndroidManifest.xml:5:21-62
79
80            <data android:scheme="yandexmaps://maps.yandex." />
80-->src/main/AndroidManifest.xml:6:13-42
80-->src/main/AndroidManifest.xml:6:19-40
81        </intent>
82        <intent>
82-->src/main/AndroidManifest.xml:60:9-63:18
83            <action android:name="android.intent.action.VIEW" />
83-->src/main/AndroidManifest.xml:5:13-65
83-->src/main/AndroidManifest.xml:5:21-62
84
85            <data android:scheme="yandextaxi" />
85-->src/main/AndroidManifest.xml:6:13-42
85-->src/main/AndroidManifest.xml:6:19-40
86        </intent>
87        <intent>
87-->src/main/AndroidManifest.xml:64:9-67:18
88            <action android:name="android.intent.action.VIEW" />
88-->src/main/AndroidManifest.xml:5:13-65
88-->src/main/AndroidManifest.xml:5:21-62
89
90            <data android:scheme="kakaomap" />
90-->src/main/AndroidManifest.xml:6:13-42
90-->src/main/AndroidManifest.xml:6:19-40
91        </intent>
92        <intent>
92-->src/main/AndroidManifest.xml:68:9-71:18
93            <action android:name="android.intent.action.VIEW" />
93-->src/main/AndroidManifest.xml:5:13-65
93-->src/main/AndroidManifest.xml:5:21-62
94
95            <data android:scheme="mapycz" />
95-->src/main/AndroidManifest.xml:6:13-42
95-->src/main/AndroidManifest.xml:6:19-40
96        </intent>
97        <intent>
97-->src/main/AndroidManifest.xml:72:9-75:18
98            <action android:name="android.intent.action.VIEW" />
98-->src/main/AndroidManifest.xml:5:13-65
98-->src/main/AndroidManifest.xml:5:21-62
99
100            <data android:scheme="mapsme" />
100-->src/main/AndroidManifest.xml:6:13-42
100-->src/main/AndroidManifest.xml:6:19-40
101        </intent>
102        <intent>
102-->src/main/AndroidManifest.xml:76:9-79:18
103            <action android:name="android.intent.action.VIEW" />
103-->src/main/AndroidManifest.xml:5:13-65
103-->src/main/AndroidManifest.xml:5:21-62
104
105            <data android:scheme="osmand.geo" />
105-->src/main/AndroidManifest.xml:6:13-42
105-->src/main/AndroidManifest.xml:6:19-40
106        </intent>
107        <intent>
107-->src/main/AndroidManifest.xml:80:9-83:18
108            <action android:name="android.intent.action.VIEW" />
108-->src/main/AndroidManifest.xml:5:13-65
108-->src/main/AndroidManifest.xml:5:21-62
109
110            <data android:scheme="gett" />
110-->src/main/AndroidManifest.xml:6:13-42
110-->src/main/AndroidManifest.xml:6:19-40
111        </intent>
112        <intent>
112-->src/main/AndroidManifest.xml:84:9-87:18
113            <action android:name="android.intent.action.VIEW" />
113-->src/main/AndroidManifest.xml:5:13-65
113-->src/main/AndroidManifest.xml:5:21-62
114
115            <data android:scheme="nmap" />
115-->src/main/AndroidManifest.xml:6:13-42
115-->src/main/AndroidManifest.xml:6:19-40
116        </intent>
117        <intent>
117-->src/main/AndroidManifest.xml:88:9-91:18
118            <action android:name="android.intent.action.VIEW" />
118-->src/main/AndroidManifest.xml:5:13-65
118-->src/main/AndroidManifest.xml:5:21-62
119
120            <data android:scheme="dgis" />
120-->src/main/AndroidManifest.xml:6:13-42
120-->src/main/AndroidManifest.xml:6:19-40
121        </intent>
122        <intent>
122-->src/main/AndroidManifest.xml:92:9-95:18
123            <action android:name="android.intent.action.VIEW" />
123-->src/main/AndroidManifest.xml:5:13-65
123-->src/main/AndroidManifest.xml:5:21-62
124
125            <data android:scheme="lftgpas" />
125-->src/main/AndroidManifest.xml:6:13-42
125-->src/main/AndroidManifest.xml:6:19-40
126        </intent>
127        <intent>
127-->src/main/AndroidManifest.xml:96:9-99:18
128            <action android:name="android.intent.action.VIEW" />
128-->src/main/AndroidManifest.xml:5:13-65
128-->src/main/AndroidManifest.xml:5:21-62
129
130            <data android:scheme="petalmaps" />
130-->src/main/AndroidManifest.xml:6:13-42
130-->src/main/AndroidManifest.xml:6:19-40
131        </intent>
132        <intent>
132-->[:react-native-image-crop-picker] AndroidManifest.xml:10:9-12:18
133            <action android:name="android.media.action.IMAGE_CAPTURE" />
133-->[:react-native-image-crop-picker] AndroidManifest.xml:11:13-73
133-->[:react-native-image-crop-picker] AndroidManifest.xml:11:21-70
134        </intent>
135        <intent>
135-->[com.razorpay:standard-core:1.6.45] AndroidManifest.xml:11:9-17:18
136            <action android:name="android.intent.action.VIEW" />
136-->src/main/AndroidManifest.xml:5:13-65
136-->src/main/AndroidManifest.xml:5:21-62
137
138            <data
138-->src/main/AndroidManifest.xml:6:13-42
139                android:mimeType="*/*"
140                android:scheme="*" />
140-->src/main/AndroidManifest.xml:6:19-40
141        </intent>
142        <intent>
142-->[com.razorpay:standard-core:1.6.45] AndroidManifest.xml:18:9-27:18
143            <action android:name="android.intent.action.VIEW" />
143-->src/main/AndroidManifest.xml:5:13-65
143-->src/main/AndroidManifest.xml:5:21-62
144
145            <category android:name="android.intent.category.BROWSABLE" />
145-->src/main/AndroidManifest.xml:163:17-78
145-->src/main/AndroidManifest.xml:163:27-75
146
147            <data
147-->src/main/AndroidManifest.xml:6:13-42
148                android:host="pay"
148-->src/main/AndroidManifest.xml:166:23-59
149                android:mimeType="*/*"
150                android:scheme="upi" />
150-->src/main/AndroidManifest.xml:6:19-40
151        </intent>
152        <intent>
152-->[com.razorpay:standard-core:1.6.45] AndroidManifest.xml:28:9-30:18
153            <action android:name="android.intent.action.MAIN" />
153-->src/main/AndroidManifest.xml:157:13-65
153-->src/main/AndroidManifest.xml:157:21-62
154        </intent>
155        <intent>
155-->[com.razorpay:standard-core:1.6.45] AndroidManifest.xml:31:9-35:18
156            <action android:name="android.intent.action.SEND" />
156-->[com.razorpay:standard-core:1.6.45] AndroidManifest.xml:32:13-65
156-->[com.razorpay:standard-core:1.6.45] AndroidManifest.xml:32:21-62
157
158            <data android:mimeType="*/*" />
158-->src/main/AndroidManifest.xml:6:13-42
159        </intent>
160        <intent>
160-->[com.razorpay:standard-core:1.6.45] AndroidManifest.xml:36:9-38:18
161            <action android:name="rzp.device_token.share" />
161-->[com.razorpay:standard-core:1.6.45] AndroidManifest.xml:37:13-61
161-->[com.razorpay:standard-core:1.6.45] AndroidManifest.xml:37:21-58
162        </intent>
163
164        <package android:name="com.whatsapp" />
164-->[io.github.otpless-tech:otpless-android-sdk:2.1.6] AndroidManifest.xml:16:9-48
164-->[io.github.otpless-tech:otpless-android-sdk:2.1.6] AndroidManifest.xml:16:18-45
165        <package android:name="com.whatsapp.w4b" />
165-->[io.github.otpless-tech:otpless-android-sdk:2.1.6] AndroidManifest.xml:17:9-52
165-->[io.github.otpless-tech:otpless-android-sdk:2.1.6] AndroidManifest.xml:17:18-49
166        <package android:name="com.otpless.app" /> <!-- Needs to be explicitly declared on Android R+ -->
166-->[io.github.otpless-tech:otpless-android-sdk:2.1.6] AndroidManifest.xml:18:9-51
166-->[io.github.otpless-tech:otpless-android-sdk:2.1.6] AndroidManifest.xml:18:18-48
167        <package android:name="com.google.android.apps.maps" />
167-->[com.google.android.gms:play-services-maps:18.2.0] AndroidManifest.xml:33:9-64
167-->[com.google.android.gms:play-services-maps:18.2.0] AndroidManifest.xml:33:18-61
168    </queries>
169    <queries>
169-->src/main/AndroidManifest.xml:3:5-100:15
170        <package android:name="com.facebook.katana" />
170-->src/main/AndroidManifest.xml:102:9-55
170-->src/main/AndroidManifest.xml:102:18-52
171        <package android:name="com.instagram.android" />
171-->src/main/AndroidManifest.xml:103:9-57
171-->src/main/AndroidManifest.xml:103:18-54
172        <package android:name="com.twitter.android" />
172-->src/main/AndroidManifest.xml:104:9-55
172-->src/main/AndroidManifest.xml:104:18-52
173        <package android:name="com.zhiliaoapp.musically" />
173-->src/main/AndroidManifest.xml:105:9-60
173-->src/main/AndroidManifest.xml:105:18-57
174    </queries>
175    <!-- Added permissions -->
176    <uses-permission android:name="android.permission.INTERNET" />
176-->src/main/AndroidManifest.xml:108:5-67
176-->src/main/AndroidManifest.xml:108:22-64
177    <uses-permission android:name="android.permission.ACCESS_FINE_LOCATION" />
177-->src/main/AndroidManifest.xml:109:5-79
177-->src/main/AndroidManifest.xml:109:22-76
178    <uses-permission android:name="android.permission.ACCESS_COARSE_LOCATION" />
178-->src/main/AndroidManifest.xml:110:5-81
178-->src/main/AndroidManifest.xml:110:22-78
179    <uses-permission android:name="android.permission.ACCESS_NETWORK_STATE" />
179-->src/main/AndroidManifest.xml:111:5-79
179-->src/main/AndroidManifest.xml:111:22-76
180    <uses-permission android:name="android.permission.POST_NOTIFICATIONS" />
180-->src/main/AndroidManifest.xml:112:5-77
180-->src/main/AndroidManifest.xml:112:22-74
181    <uses-permission
181-->src/main/AndroidManifest.xml:113:5-101
182        android:name="android.permission.USE_EXACT_ALARM"
182-->src/main/AndroidManifest.xml:113:49-98
183        android:minSdkVersion="34" />
183-->src/main/AndroidManifest.xml:113:22-48
184    <uses-permission
184-->src/main/AndroidManifest.xml:114:5-87
185        android:name="org.apache.http.legacy"
185-->src/main/AndroidManifest.xml:114:22-59
186        android:required="false" />
186-->src/main/AndroidManifest.xml:114:60-84
187    <uses-permission android:name="android.permission.FOREGROUND_SERVICE" />
187-->src/main/AndroidManifest.xml:115:5-77
187-->src/main/AndroidManifest.xml:115:22-74
188    <uses-permission android:name="android.permission.WAKE_LOCK" />
188-->src/main/AndroidManifest.xml:116:5-68
188-->src/main/AndroidManifest.xml:116:22-65
189    <!-- Optional permissions -->
190    <uses-permission android:name="android.permission.ACCESS_BACKGROUND_LOCATION" />
190-->src/main/AndroidManifest.xml:118:5-85
190-->src/main/AndroidManifest.xml:118:22-82
191    <uses-permission android:name="android.permission.READ_EXTERNAL_STORAGE" />
191-->src/main/AndroidManifest.xml:119:5-80
191-->src/main/AndroidManifest.xml:119:22-77
192    <uses-permission android:name="android.permission.WRITE_EXTERNAL_STORAGE" />
192-->src/main/AndroidManifest.xml:120:5-110
192-->src/main/AndroidManifest.xml:120:22-78
193    <uses-permission android:name="android.permission.CAMERA" />
193-->src/main/AndroidManifest.xml:121:5-65
193-->src/main/AndroidManifest.xml:121:22-62
194    <uses-permission android:name="android.permission.VIBRATE" />
194-->src/main/AndroidManifest.xml:122:5-66
194-->src/main/AndroidManifest.xml:122:22-63
195
196    <uses-feature android:name="android.hardware.camera" />
196-->src/main/AndroidManifest.xml:123:5-60
196-->src/main/AndroidManifest.xml:123:19-57
197    <uses-feature android:name="android.hardware.camera.autofocus" />
197-->src/main/AndroidManifest.xml:124:5-70
197-->src/main/AndroidManifest.xml:124:19-67
198
199    <uses-permission android:name="android.permission.RECEIVE_BOOT_COMPLETED" />
199-->src/main/AndroidManifest.xml:125:5-80
199-->src/main/AndroidManifest.xml:125:22-78
200
201    <permission
202        android:name="com.mapilocator.permission.C2D_MESSAGE"
202-->src/main/AndroidManifest.xml:127:9-63
203        android:protectionLevel="signature" />
203-->src/main/AndroidManifest.xml:128:9-44
204
205    <uses-permission android:name="android.intent.category.MASTER_CLEAR.permission.C2D_MESSAGE" />
205-->src/main/AndroidManifest.xml:129:5-130:47
205-->src/main/AndroidManifest.xml:129:22-96
206    <uses-permission android:name="android.permission.GET_SIGNATURES" />
206-->[io.github.otpless-tech:otpless-android-sdk:2.1.6] AndroidManifest.xml:12:5-73
206-->[io.github.otpless-tech:otpless-android-sdk:2.1.6] AndroidManifest.xml:12:22-70
207
208    <uses-feature
208-->[com.google.android.gms:play-services-maps:18.2.0] AndroidManifest.xml:26:5-28:35
209        android:glEsVersion="0x00020000"
209-->[com.google.android.gms:play-services-maps:18.2.0] AndroidManifest.xml:27:9-41
210        android:required="true" /> <!-- Required by older versions of Google Play services to create IID tokens -->
210-->[com.google.android.gms:play-services-maps:18.2.0] AndroidManifest.xml:28:9-32
211    <uses-permission android:name="com.google.android.c2dm.permission.RECEIVE" />
211-->[com.google.android.gms:play-services-iid:17.0.0] AndroidManifest.xml:23:5-82
211-->[com.google.android.gms:play-services-iid:17.0.0] AndroidManifest.xml:23:22-79
212    <uses-permission android:name="com.google.android.finsky.permission.BIND_GET_INSTALL_REFERRER_SERVICE" />
212-->[com.google.android.gms:play-services-measurement:21.2.2] AndroidManifest.xml:26:5-110
212-->[com.google.android.gms:play-services-measurement:21.2.2] AndroidManifest.xml:26:22-107
213    <uses-permission android:name="com.google.android.gms.permission.AD_ID" />
213-->[com.google.android.gms:play-services-measurement-api:21.2.2] AndroidManifest.xml:25:5-79
213-->[com.google.android.gms:play-services-measurement-api:21.2.2] AndroidManifest.xml:25:22-76
214
215    <permission
215-->[androidx.core:core:1.9.0] AndroidManifest.xml:22:5-24:47
216        android:name="com.mapilocator.DYNAMIC_RECEIVER_NOT_EXPORTED_PERMISSION"
216-->[androidx.core:core:1.9.0] AndroidManifest.xml:23:9-81
217        android:protectionLevel="signature" />
217-->[androidx.core:core:1.9.0] AndroidManifest.xml:24:9-44
218
219    <uses-permission android:name="com.mapilocator.DYNAMIC_RECEIVER_NOT_EXPORTED_PERMISSION" />
219-->[androidx.core:core:1.9.0] AndroidManifest.xml:26:5-97
219-->[androidx.core:core:1.9.0] AndroidManifest.xml:26:22-94
220    <uses-permission android:name="android.permission.USE_FULL_SCREEN_INTENT" />
220-->[app.notifee:core:202108261754] AndroidManifest.xml:16:5-81
220-->[app.notifee:core:202108261754] AndroidManifest.xml:16:22-78
221    <uses-permission android:name="android.permission.SCHEDULE_EXACT_ALARM" />
221-->[app.notifee:core:202108261754] AndroidManifest.xml:17:5-79
221-->[app.notifee:core:202108261754] AndroidManifest.xml:17:22-76
222    <uses-permission
222-->[app.notifee:core:202108261754] AndroidManifest.xml:18:5-20:38
223        android:name="android.permission.BROADCAST_CLOSE_SYSTEM_DIALOGS"
223-->[app.notifee:core:202108261754] AndroidManifest.xml:19:9-73
224        android:maxSdkVersion="30" /> <!-- For Xiaomi devices to enable heads-up notifications as default (https://github.com/invertase/notifee/issues/296) -->
224-->[app.notifee:core:202108261754] AndroidManifest.xml:20:9-35
225    <uses-permission
225-->[app.notifee:core:202108261754] AndroidManifest.xml:22:5-24:38
226        android:name="android.permission.ACCESS_NOTIFICATION_POLICY"
226-->[app.notifee:core:202108261754] AndroidManifest.xml:23:9-69
227        android:minSdkVersion="23" /> <!-- for android -->
227-->[app.notifee:core:202108261754] AndroidManifest.xml:24:9-35
228    <!-- <uses-permission android:name="com.android.launcher.permission.READ_SETTINGS"/> -->
229    <!-- <uses-permission android:name="com.android.launcher.permission.WRITE_SETTINGS"/> -->
230    <!-- <uses-permission android:name="com.android.launcher.permission.INSTALL_SHORTCUT" /> -->
231    <!-- <uses-permission android:name="com.android.launcher.permission.UNINSTALL_SHORTCUT" /> -->
232    <!-- for Samsung -->
233    <uses-permission android:name="com.sec.android.provider.badge.permission.READ" />
233-->[me.leolin:ShortcutBadger:1.1.22] AndroidManifest.xml:19:5-86
233-->[me.leolin:ShortcutBadger:1.1.22] AndroidManifest.xml:19:22-83
234    <uses-permission android:name="com.sec.android.provider.badge.permission.WRITE" /> <!-- for htc -->
234-->[me.leolin:ShortcutBadger:1.1.22] AndroidManifest.xml:20:5-87
234-->[me.leolin:ShortcutBadger:1.1.22] AndroidManifest.xml:20:22-84
235    <uses-permission android:name="com.htc.launcher.permission.READ_SETTINGS" />
235-->[me.leolin:ShortcutBadger:1.1.22] AndroidManifest.xml:23:5-81
235-->[me.leolin:ShortcutBadger:1.1.22] AndroidManifest.xml:23:22-78
236    <uses-permission android:name="com.htc.launcher.permission.UPDATE_SHORTCUT" /> <!-- for sony -->
236-->[me.leolin:ShortcutBadger:1.1.22] AndroidManifest.xml:24:5-83
236-->[me.leolin:ShortcutBadger:1.1.22] AndroidManifest.xml:24:22-80
237    <uses-permission android:name="com.sonyericsson.home.permission.BROADCAST_BADGE" />
237-->[me.leolin:ShortcutBadger:1.1.22] AndroidManifest.xml:27:5-88
237-->[me.leolin:ShortcutBadger:1.1.22] AndroidManifest.xml:27:22-85
238    <uses-permission android:name="com.sonymobile.home.permission.PROVIDER_INSERT_BADGE" /> <!-- for apex -->
238-->[me.leolin:ShortcutBadger:1.1.22] AndroidManifest.xml:28:5-92
238-->[me.leolin:ShortcutBadger:1.1.22] AndroidManifest.xml:28:22-89
239    <uses-permission android:name="com.anddoes.launcher.permission.UPDATE_COUNT" /> <!-- for solid -->
239-->[me.leolin:ShortcutBadger:1.1.22] AndroidManifest.xml:31:5-84
239-->[me.leolin:ShortcutBadger:1.1.22] AndroidManifest.xml:31:22-81
240    <uses-permission android:name="com.majeur.launcher.permission.UPDATE_BADGE" /> <!-- for huawei -->
240-->[me.leolin:ShortcutBadger:1.1.22] AndroidManifest.xml:34:5-83
240-->[me.leolin:ShortcutBadger:1.1.22] AndroidManifest.xml:34:22-80
241    <uses-permission android:name="com.huawei.android.launcher.permission.CHANGE_BADGE" />
241-->[me.leolin:ShortcutBadger:1.1.22] AndroidManifest.xml:37:5-91
241-->[me.leolin:ShortcutBadger:1.1.22] AndroidManifest.xml:37:22-88
242    <uses-permission android:name="com.huawei.android.launcher.permission.READ_SETTINGS" />
242-->[me.leolin:ShortcutBadger:1.1.22] AndroidManifest.xml:38:5-92
242-->[me.leolin:ShortcutBadger:1.1.22] AndroidManifest.xml:38:22-89
243    <uses-permission android:name="com.huawei.android.launcher.permission.WRITE_SETTINGS" /> <!-- for ZUK -->
243-->[me.leolin:ShortcutBadger:1.1.22] AndroidManifest.xml:39:5-93
243-->[me.leolin:ShortcutBadger:1.1.22] AndroidManifest.xml:39:22-90
244    <uses-permission android:name="android.permission.READ_APP_BADGE" /> <!-- for OPPO -->
244-->[me.leolin:ShortcutBadger:1.1.22] AndroidManifest.xml:42:5-73
244-->[me.leolin:ShortcutBadger:1.1.22] AndroidManifest.xml:42:22-70
245    <uses-permission android:name="com.oppo.launcher.permission.READ_SETTINGS" />
245-->[me.leolin:ShortcutBadger:1.1.22] AndroidManifest.xml:45:5-82
245-->[me.leolin:ShortcutBadger:1.1.22] AndroidManifest.xml:45:22-79
246    <uses-permission android:name="com.oppo.launcher.permission.WRITE_SETTINGS" /> <!-- for EvMe -->
246-->[me.leolin:ShortcutBadger:1.1.22] AndroidManifest.xml:46:5-83
246-->[me.leolin:ShortcutBadger:1.1.22] AndroidManifest.xml:46:22-80
247    <uses-permission android:name="me.everything.badger.permission.BADGE_COUNT_READ" />
247-->[me.leolin:ShortcutBadger:1.1.22] AndroidManifest.xml:49:5-88
247-->[me.leolin:ShortcutBadger:1.1.22] AndroidManifest.xml:49:22-85
248    <uses-permission android:name="me.everything.badger.permission.BADGE_COUNT_WRITE" />
248-->[me.leolin:ShortcutBadger:1.1.22] AndroidManifest.xml:50:5-89
248-->[me.leolin:ShortcutBadger:1.1.22] AndroidManifest.xml:50:22-86
249
250    <application
250-->src/main/AndroidManifest.xml:132:5-211:19
251        android:name="com.mapilocator.MainApplication"
251-->src/main/AndroidManifest.xml:133:7-38
252        android:allowBackup="true"
252-->src/main/AndroidManifest.xml:137:7-33
253        android:appComponentFactory="androidx.core.app.CoreComponentFactory"
253-->[androidx.core:core:1.9.0] AndroidManifest.xml:28:18-86
254        android:dataExtractionRules="@xml/data_extraction_rules"
254-->src/main/AndroidManifest.xml:142:7-63
255        android:exported="true"
255-->src/main/AndroidManifest.xml:141:7-30
256        android:icon="@drawable/ic_launcher_round"
256-->src/main/AndroidManifest.xml:135:7-49
257        android:label="@string/app_name"
257-->src/main/AndroidManifest.xml:134:7-39
258        android:launchMode="singleTask"
258-->src/main/AndroidManifest.xml:139:7-38
259        android:roundIcon="@drawable/ic_launcher_round"
259-->src/main/AndroidManifest.xml:136:7-54
260        android:theme="@style/AppTheme"
260-->src/main/AndroidManifest.xml:140:7-38
261        android:usesCleartextTraffic="true" >
261-->src/main/AndroidManifest.xml:138:7-42
262        <activity
262-->src/main/AndroidManifest.xml:145:7-168:18
263            android:name="com.mapilocator.MainActivity"
263-->src/main/AndroidManifest.xml:146:9-37
264            android:configChanges="keyboard|keyboardHidden|orientation|screenLayout|screenSize|smallestScreenSize|uiMode"
264-->src/main/AndroidManifest.xml:147:9-118
265            android:exported="true"
265-->src/main/AndroidManifest.xml:155:9-32
266            android:launchMode="singleTask"
266-->src/main/AndroidManifest.xml:148:9-40
267            android:resizeableActivity="true"
267-->src/main/AndroidManifest.xml:152:9-42
268            android:screenOrientation="portrait"
268-->src/main/AndroidManifest.xml:150:9-45
269            android:showWhenLocked="true"
269-->src/main/AndroidManifest.xml:151:9-38
270            android:supportsPictureInPicture="true"
270-->src/main/AndroidManifest.xml:153:9-48
271            android:turnScreenOn="true"
271-->src/main/AndroidManifest.xml:154:9-36
272            android:windowSoftInputMode="adjustResize" >
272-->src/main/AndroidManifest.xml:149:9-51
273            <intent-filter>
273-->src/main/AndroidManifest.xml:156:9-159:25
274                <action android:name="android.intent.action.MAIN" />
274-->src/main/AndroidManifest.xml:157:13-65
274-->src/main/AndroidManifest.xml:157:21-62
275
276                <category android:name="android.intent.category.LAUNCHER" />
276-->src/main/AndroidManifest.xml:158:13-73
276-->src/main/AndroidManifest.xml:158:23-70
277            </intent-filter>
278            <intent-filter android:autoVerify="true" >
278-->src/main/AndroidManifest.xml:160:13-167:29
278-->src/main/AndroidManifest.xml:160:28-53
279                <action android:name="android.intent.action.VIEW" />
279-->src/main/AndroidManifest.xml:5:13-65
279-->src/main/AndroidManifest.xml:5:21-62
280
281                <category android:name="android.intent.category.DEFAULT" />
281-->src/main/AndroidManifest.xml:162:17-76
281-->src/main/AndroidManifest.xml:162:27-73
282                <category android:name="android.intent.category.BROWSABLE" />
282-->src/main/AndroidManifest.xml:163:17-78
282-->src/main/AndroidManifest.xml:163:27-75
283
284                <data android:scheme="http" />
284-->src/main/AndroidManifest.xml:6:13-42
284-->src/main/AndroidManifest.xml:6:19-40
285                <data android:scheme="https" />
285-->src/main/AndroidManifest.xml:6:13-42
285-->src/main/AndroidManifest.xml:6:19-40
286                <data
286-->src/main/AndroidManifest.xml:6:13-42
287                    android:host="theparihara.page.link"
287-->src/main/AndroidManifest.xml:166:23-59
288                    android:pathPrefix="/parihara" />
288-->src/main/AndroidManifest.xml:166:60-90
289            </intent-filter>
290        </activity>
291
292        <meta-data
292-->src/main/AndroidManifest.xml:169:9-171:68
293            android:name="com.google.android.geo.API_KEY"
293-->src/main/AndroidManifest.xml:170:11-56
294            android:value="AIzaSyD9zoEIQ7IjlkSKF4XZ_RY2HXKeHgpDL0o" />
294-->src/main/AndroidManifest.xml:171:11-66
295        <meta-data
295-->src/main/AndroidManifest.xml:172:9-175:15
296            android:name="com.supersami.foregroundservice.notification_channel_name"
296-->src/main/AndroidManifest.xml:173:13-85
297            android:value="Sticky Title" />
297-->src/main/AndroidManifest.xml:174:13-41
298        <meta-data
298-->src/main/AndroidManifest.xml:176:9-179:15
299            android:name="com.supersami.foregroundservice.notification_channel_description"
299-->src/main/AndroidManifest.xml:177:13-92
300            android:value="Sticky Description." />
300-->src/main/AndroidManifest.xml:178:13-48
301        <meta-data
301-->src/main/AndroidManifest.xml:180:9-183:15
302            android:name="com.supersami.foregroundservice.notification_color"
302-->src/main/AndroidManifest.xml:181:13-78
303            android:resource="@color/blue" />
303-->src/main/AndroidManifest.xml:182:13-43
304        <meta-data
304-->src/main/AndroidManifest.xml:184:9-186:63
305            android:name="com.google.firebase.messaging.default_notification_icon"
305-->src/main/AndroidManifest.xml:185:13-83